<?xml version="1.0" encoding="UTF-8"?>
<testng-results skipped="0" failed="0" total="1" passed="1">
  <reporter-output>
  </reporter-output>
  <suite name="Suite" duration-ms="28" started-at="2016-03-10T05:31:41Z" finished-at="2016-03-10T05:31:41Z">
    <groups>
    </groups>
    <test name="Test" duration-ms="28" started-at="2016-03-10T05:31:41Z" finished-at="2016-03-10T05:31:41Z">
      <class name="DemoJenkins.JenkinsDemo">
        <test-method status="PASS" signature="SampleTest()[pri:0, instance:DemoJenkins.JenkinsDemo@16c0663d]" name="SampleTest" duration-ms="6" started-at="2016-03-10T11:01:41Z" finished-at="2016-03-10T11:01:41Z">
          <reporter-output>
          </reporter-output>
        </test-method> <!-- SampleTest -->
      </class> <!-- DemoJenkins.JenkinsDemo -->
    </test> <!-- Test -->
  </suite> <!-- Suite -->
</testng-results>
